2025-03-31 09:45:37,783 - INFO - 开始检测文件: /home/test/images
2025-03-31 09:45:42,613 - INFO - ===> 加载模型文件成功!
2025-03-31 09:50:41,142 - INFO - 开始检测文件: /home/test/images
2025-03-31 09:50:45,411 - INFO - ===> 加载模型文件成功!
2025-03-31 09:56:04,988 - INFO - 开始检测文件: /home/test/images
2025-03-31 09:56:09,514 - INFO - ===> 加载模型文件成功!
2025-03-31 09:56:17,479 - INFO - 结果置信度：17_real.png: 0.2716841697692871
2025-03-31 09:56:17,733 - INFO - 结果置信度：46_real.png: 0.2706526219844818
2025-03-31 09:56:18,091 - INFO - 结果置信度：20_fake.png: 0.39783183733622235
2025-03-31 09:56:18,458 - INFO - 结果置信度：6_fake.png: 0.4800728112459183
2025-03-31 09:56:19,075 - INFO - 结果置信度：38_fake.png: 0.4845475196838379
2025-03-31 09:56:19,648 - INFO - 结果置信度：4_fake.png: 0.522764265537262
2025-03-31 09:56:19,892 - INFO - 结果置信度：31_real.png: 0.4869539311953953
2025-03-31 09:56:20,292 - INFO - 结果置信度：15_real.png: 0.45972684025764465
2025-03-31 09:56:20,911 - INFO - 结果置信度：47_real.png: 0.43858057922787136
2025-03-31 09:56:21,437 - INFO - 结果置信度：39_real.png: 0.42202683687210085
2025-03-31 09:56:21,754 - INFO - 结果置信度：28_real.png: 0.42876974560997705
2025-03-31 09:56:22,106 - INFO - 结果置信度：18_fake.png: 0.4375437796115875
2025-03-31 09:56:22,586 - INFO - 结果置信度：1_real.png: 0.42506112043674177
2025-03-31 09:56:22,633 - INFO - 结果置信度：14_real.png: 0.41396307519504
2025-03-31 09:56:23,263 - INFO - 结果置信度：44_real.png: 0.4167142669359843
2025-03-31 09:56:23,598 - INFO - 结果置信度：35_fake.png: 0.4231453575193882
2025-03-31 09:56:23,911 - INFO - 结果置信度：30_fake.png: 0.44082824622883515
2025-03-31 09:56:24,533 - INFO - 结果置信度：24_real.png: 0.43974636991818744
2025-03-31 09:56:24,737 - INFO - 结果置信度：25_real.png: 0.4406141387788873
2025-03-31 09:56:25,121 - INFO - 结果置信度：34_fake.png: 0.45488605499267576
2025-03-31 09:56:25,565 - INFO - 结果置信度：33_fake.png: 0.4584841501145136
2025-03-31 09:56:25,980 - INFO - 结果置信度：5_real.png: 0.4577438479120081
2025-03-31 09:56:26,417 - INFO - 结果置信度：21_fake.png: 0.4676825741062994
2025-03-31 09:56:26,710 - INFO - 结果置信度：9_real.png: 0.4671757568915685
2025-03-31 09:56:27,112 - INFO - 结果置信度：29_real.png: 0.45926771879196165
2025-03-31 09:56:27,666 - INFO - 结果置信度：r48_real.png: 0.45741010858462405
2025-03-31 09:56:28,041 - INFO - 结果置信度：36_fake.png: 0.4674759374724494
2025-03-31 09:56:28,303 - INFO - 结果置信度：19_fake.png: 0.4768684080668858
2025-03-31 09:56:28,782 - INFO - 结果置信度：r49_real.png: 0.46992262067465945
2025-03-31 09:56:28,956 - INFO - 结果置信度：2_fake.png: 0.4783742686112722
2025-03-31 09:56:29,014 - INFO - 结果置信度：42_fake.png: 0.4833058484138981
2025-03-31 09:56:29,298 - INFO - 结果置信度：43_fake.png: 0.48449646309018135
2025-03-31 09:56:33,220 - INFO - 结果置信度：40_real.png: 0.4780476057168209
2025-03-31 09:56:33,472 - INFO - 结果置信度：45_real.png: 0.47191741361337547
2025-03-31 09:56:33,782 - INFO - 结果置信度：10_fake.png: 0.4770680597850255
2025-03-31 09:56:34,257 - INFO - 结果置信度：7_fake.png: 0.4840049395958583
2025-03-31 09:56:34,646 - INFO - 结果置信度：16_fake.png: 0.48450336262986465
2025-03-31 09:56:35,129 - INFO - 结果置信度：8_fake.png: 0.4905387492556321
2025-03-31 09:56:35,586 - INFO - 结果置信度：26_real.png: 0.48493754863739014
2025-03-31 09:56:36,147 - INFO - 结果置信度：27_real.png: 0.47954254001379015
2025-03-31 09:56:36,717 - INFO - 结果置信度：41_real.png: 0.4744173680863729
2025-03-31 09:56:37,001 - INFO - 结果置信度：23_real.png: 0.46962274398122517
2025-03-31 09:56:37,500 - INFO - 结果置信度：3_real.png: 0.4702407911766407
2025-03-31 09:56:38,079 - INFO - 结果置信度：37_fake.png: 0.4716911884871396
2025-03-31 09:56:38,533 - INFO - 结果置信度：12_real.png: 0.4673262556393941
2025-03-31 09:56:38,803 - INFO - 结果置信度：13_real.png: 0.46302978240925335
2025-03-31 09:56:39,145 - INFO - 结果置信度：22_real.png: 0.46279430389404297
2025-03-31 09:56:39,665 - INFO - 结果置信度：32_fake.png: 0.46397800246874493
2025-03-31 09:56:39,976 - INFO - 结果置信度：r50_fake.png: 0.4692795629404029
2025-03-31 09:56:40,243 - INFO - 结果置信度：11_real.png: 0.46832106828689574
2025-03-31 09:56:56,801 - INFO - 开始检测文件: /home/test/images
2025-03-31 09:57:01,276 - INFO - ===> 加载模型文件成功!
2025-03-31 09:57:12,576 - INFO - 结果置信度：17_real.png: 0.2716841697692871
2025-03-31 09:57:12,921 - INFO - 结果置信度：46_real.png: 0.2706526219844818
2025-03-31 09:57:13,554 - INFO - 结果置信度：20_fake.png: 0.39783183733622235
2025-03-31 09:57:14,182 - INFO - 结果置信度：6_fake.png: 0.4800728112459183
2025-03-31 09:57:14,806 - INFO - 结果置信度：38_fake.png: 0.4845475196838379
2025-03-31 09:57:15,400 - INFO - 结果置信度：4_fake.png: 0.522764265537262
2025-03-31 09:57:15,645 - INFO - 结果置信度：31_real.png: 0.4869539311953953
2025-03-31 09:57:16,046 - INFO - 结果置信度：15_real.png: 0.45972684025764465
2025-03-31 09:57:16,666 - INFO - 结果置信度：47_real.png: 0.43858057922787136
2025-03-31 09:57:17,194 - INFO - 结果置信度：39_real.png: 0.42202683687210085
2025-03-31 09:57:17,511 - INFO - 结果置信度：28_real.png: 0.428769740191373
2025-03-31 09:57:17,861 - INFO - 结果置信度：18_fake.png: 0.4375437796115875
2025-03-31 09:57:18,340 - INFO - 结果置信度：1_real.png: 0.42506112043674177
2025-03-31 09:57:18,389 - INFO - 结果置信度：14_real.png: 0.41396307519504
2025-03-31 09:57:19,018 - INFO - 结果置信度：44_real.png: 0.4167142669359843
2025-03-31 09:57:19,355 - INFO - 结果置信度：35_fake.png: 0.4231453575193882
2025-03-31 09:57:19,669 - INFO - 结果置信度：30_fake.png: 0.44082824622883515
2025-03-31 09:57:20,290 - INFO - 结果置信度：24_real.png: 0.43974636991818744
2025-03-31 09:57:20,493 - INFO - 结果置信度：25_real.png: 0.4406141387788873
2025-03-31 09:57:20,877 - INFO - 结果置信度：34_fake.png: 0.45488605499267576
2025-03-31 09:57:21,319 - INFO - 结果置信度：33_fake.png: 0.4584841501145136
2025-03-31 09:57:21,733 - INFO - 结果置信度：5_real.png: 0.4577438479120081
2025-03-31 09:57:22,170 - INFO - 结果置信度：21_fake.png: 0.4676825741062994
2025-03-31 09:57:22,463 - INFO - 结果置信度：9_real.png: 0.4671757568915685
2025-03-31 09:57:22,865 - INFO - 结果置信度：29_real.png: 0.45926771879196165
2025-03-31 09:57:23,419 - INFO - 结果置信度：r48_real.png: 0.45741010858462405
2025-03-31 09:57:23,792 - INFO - 结果置信度：36_fake.png: 0.4674759374724494
2025-03-31 09:57:24,054 - INFO - 结果置信度：19_fake.png: 0.4768684080668858
2025-03-31 09:57:24,532 - INFO - 结果置信度：r49_real.png: 0.46992262067465945
2025-03-31 09:57:24,706 - INFO - 结果置信度：2_fake.png: 0.4783742686112722
2025-03-31 09:57:24,763 - INFO - 结果置信度：42_fake.png: 0.4833058484138981
2025-03-31 09:57:25,047 - INFO - 结果置信度：43_fake.png: 0.48449646309018135
2025-03-31 09:57:25,403 - INFO - 结果置信度：40_real.png: 0.4815009182149714
2025-03-31 09:57:25,656 - INFO - 结果置信度：45_fake.png: 0.48297880151692557
2025-03-31 09:57:25,964 - INFO - 结果置信度：10_fake.png: 0.48978858504976547
2025-03-31 09:57:26,439 - INFO - 结果置信度：7_fake.png: 0.496483885579639
2025-03-31 09:57:26,828 - INFO - 结果置信度：16_real.png: 0.4953195597674396
2025-03-31 09:57:27,312 - INFO - 结果置信度：8_real.png: 0.49146932049801473
2025-03-31 09:57:27,771 - INFO - 结果置信度：26_real.png: 0.4861133450116867
2025-03-31 09:57:28,179 - INFO - 结果置信度：27_real.png: 0.48069504350423814
2025-03-31 09:57:28,753 - INFO - 结果置信度：41_real.png: 0.4800621271133423
2025-03-31 09:57:29,039 - INFO - 结果置信度：23_real.png: 0.4750742245288122
2025-03-31 09:57:29,540 - INFO - 结果置信度：3_fake.png: 0.4802181831626005
2025-03-31 09:57:30,117 - INFO - 结果置信度：37_fake.png: 0.48582429506561975
2025-03-31 09:57:30,551 - INFO - 结果置信度：12_fake.png: 0.4867190586196052
2025-03-31 09:57:30,821 - INFO - 结果置信度：13_real.png: 0.4822233163792154
2025-03-31 09:57:31,177 - INFO - 结果置信度：22_real.png: 0.4777045820621734
2025-03-31 09:57:31,703 - INFO - 结果置信度：32_real.png: 0.47725407779216766
2025-03-31 09:57:32,018 - INFO - 结果置信度：r50_fake.png: 0.48241562016156253
2025-03-31 09:57:32,288 - INFO - 结果置信度：11_real.png: 0.47816490173339843
